# JRE version: Java(TM) SE Runtime Environment 18.9 (11.0.12+8) (build 11.0.12+8-LTS-237)
# Java VM: Java HotSpot(TM) 64-Bit Server VM 18.9 (11.0.12+8-LTS-237, mixed mode, tiered, compressed oops, g1 gc, windows-amd64)
Heap:
 garbage-first heap   total 262144K, used 12806K [0x0000000701200000, 0x0000000800000000)
  region size 1024K, 11 young (11264K), 4 survivors (4096K)
 Metaspace       used 29195K, capacity 29646K, committed 29872K, reserved 1075200K
  class space    used 3060K, capacity 3272K, committed 3328K, reserved 1048576K
GC Heap History (6 events):
Event: 0.520 GC heap before
{Heap before GC invocations=0 (full 0):
 garbage-first heap   total 262144K, used 24576K [0x0000000701200000, 0x0000000800000000)
  region size 1024K, 24 young (24576K), 0 survivors (0K)
 Metaspace       used 13027K, capacity 13261K, committed 13312K, reserved 1060864K
  class space    used 1182K, capacity 1278K, committed 1280K, reserved 1048576K
}
Event: 0.522 GC heap after
{Heap after GC invocations=1 (full 0):
 garbage-first heap   total 262144K, used 3387K [0x0000000701200000, 0x0000000800000000)
  region size 1024K, 3 young (3072K), 3 survivors (3072K)
 Metaspace       used 13027K, capacity 13261K, committed 13312K, reserved 1060864K
  class space    used 1182K, capacity 1278K, committed 1280K, reserved 1048576K
}
Event: 0.931 GC heap before
{Heap before GC invocations=1 (full 0):
 garbage-first heap   total 262144K, used 32059K [0x0000000701200000, 0x0000000800000000)
  region size 1024K, 32 young (32768K), 3 survivors (3072K)
 Metaspace       used 20763K, capacity 21162K, committed 21296K, reserved 1069056K
  class space    used 2163K, capacity 2366K, committed 2432K, reserved 1048576K
}
Event: 0.934 GC heap after
{Heap after GC invocations=2 (full 0):
 garbage-first heap   total 262144K, used 4762K [0x0000000701200000, 0x0000000800000000)
  region size 1024K, 5 young (5120K), 5 survivors (5120K)
 Metaspace       used 20763K, capacity 21162K, committed 21296K, reserved 1069056K
  class space    used 2163K, capacity 2366K, committed 2432K, reserved 1048576K
}
Event: 1.927 GC heap before
{Heap before GC invocations=3 (full 0):
 garbage-first heap   total 262144K, used 48794K [0x0000000701200000, 0x0000000800000000)
  region size 1024K, 48 young (49152K), 5 survivors (5120K)
 Metaspace       used 28495K, capacity 28932K, committed 29104K, reserved 1075200K
  class space    used 3014K, capacity 3205K, committed 3328K, reserved 1048576K
}
Event: 1.931 GC heap after
{Heap after GC invocations=4 (full 0):
 garbage-first heap   total 262144K, used 6662K [0x0000000701200000, 0x0000000800000000)
  region size 1024K, 4 young (4096K), 4 survivors (4096K)
 Metaspace       used 28495K, capacity 28932K, committed 29104K, reserved 1075200K
  class space    used 3014K, capacity 3205K, committed 3328K, reserved 1048576K
}

